Found Java version 11.0.13
Available memory: 7960 MB
Using JVM args: -Xmx1990m
1972 [main] INFO  org.parosproxy.paros.Constant - Copying default configuration to /home/zap/.ZAP/config.xml
2297 [main] INFO  org.parosproxy.paros.Constant - Creating directory /home/zap/.ZAP/session
2299 [main] INFO  org.parosproxy.paros.Constant - Creating directory /home/zap/.ZAP/dirbuster
2303 [main] INFO  org.parosproxy.paros.Constant - Creating directory /home/zap/.ZAP/fuzzers
2305 [main] INFO  org.parosproxy.paros.Constant - Creating directory /home/zap/.ZAP/plugin
2484 [main] INFO  org.zaproxy.zap.DaemonBootstrap - OWASP ZAP 2.11.1 started 13/03/2022, 07:45:15 with home /home/zap/.ZAP/
2589 [main] INFO  org.parosproxy.paros.common.AbstractParam - Setting config database.recoverylog = false was null
2601 [main] INFO  org.parosproxy.paros.common.AbstractParam - Setting config api.disablekey = true was null
2610 [main] INFO  org.parosproxy.paros.common.AbstractParam - Setting config api.addrs.addr.name = .* was null
2617 [main] INFO  org.parosproxy.paros.common.AbstractParam - Setting config api.addrs.addr.regex = true was null
2620 [main] INFO  org.parosproxy.paros.common.AbstractParam - Setting config script.scripts(0).name = Auth was null
2628 [main] INFO  org.parosproxy.paros.common.AbstractParam - Setting config script.scripts(0).engine = ECMAScript was null
2633 [main] INFO  org.parosproxy.paros.common.AbstractParam - Setting config script.scripts(0).type = Authentication was null
2637 [main] INFO  org.parosproxy.paros.common.AbstractParam - Setting config script.scripts(0).enabled = true was null
2640 [main] INFO  org.parosproxy.paros.common.AbstractParam - Setting config script.scripts(0).file = /zap/wrk/Auth.js was null
2642 [main] INFO  org.parosproxy.paros.common.AbstractParam - Setting config script.scripts(1).name = TokenSession was null
2644 [main] INFO  org.parosproxy.paros.common.AbstractParam - Setting config script.scripts(1).engine = ECMAScript was null
2646 [main] INFO  org.parosproxy.paros.common.AbstractParam - Setting config script.scripts(1).type = Session Management was null
2648 [main] INFO  org.parosproxy.paros.common.AbstractParam - Setting config script.scripts(1).enabled = true was null
2650 [main] INFO  org.parosproxy.paros.common.AbstractParam - Setting config script.scripts(1).file = /zap/wrk/TokenSession.js was null
2664 [main] INFO  org.parosproxy.paros.network.SSLConnector - Reading supported SSL/TLS protocols...
2666 [main] INFO  org.parosproxy.paros.network.SSLConnector - Using a SSLEngine...
2860 [main] INFO  org.parosproxy.paros.network.SSLConnector - Done reading supported SSL/TLS protocols: [SSLv2Hello, SSLv3, TLSv1, TLSv1.1, TLSv1.2, TLSv1.3]
2866 [main] INFO  org.parosproxy.paros.extension.option.OptionsParamCertificate - Unsafe SSL renegotiation disabled.
3594 [main] INFO  hsqldb.db.HSQLDB379AF3DEBD.ENGINE - dataFileCache open start
3614 [main] INFO  hsqldb.db.HSQLDB379AF3DEBD.ENGINE - dataFileCache commit start
3622 [main] INFO  hsqldb.db.HSQLDB379AF3DEBD.ENGINE - dataFileCache commit end
3629 [main] INFO  hsqldb.db.HSQLDB379AF3DEBD.ENGINE - dataFileCache open end
3738 [ZAP-daemon] INFO  org.zaproxy.zap.control.ExtensionFactory - Loading extensions
8721 [ZAP-daemon] INFO  org.zaproxy.zap.control.ExtensionFactory - Installed add-ons: [[id=alertFilters, version=13.0.0], [id=ascanrules, version=43.0.0], [id=automation, version=0.10.0], [id=bruteforce, version=11.0.0], [id=callhome, version=0.1.0], [id=commonlib, version=1.6.0], [id=diff, version=11.0.0], [id=directorylistv1, version=5.0.0], [id=domxss, version=12.0.0], [id=encoder, version=0.6.0], [id=exim, version=0.0.1], [id=formhandler, version=4.0.0], [id=fuzz, version=13.5.0], [id=gettingStarted, version=13.0.0], [id=graaljs, version=0.2.0], [id=graphql, version=0.7.0], [id=help, version=14.0.0], [id=hud, version=0.13.0], [id=importurls, version=9.0.0], [id=invoke, version=11.0.0], [id=network, version=0.0.1], [id=oast, version=0.7.0], [id=onlineMenu, version=9.0.0], [id=openapi, version=24.0.0], [id=pscanrules, version=37.0.0], [id=quickstart, version=33.0.0], [id=replacer, version=9.0.0], [id=reports, version=0.10.0], [id=retest, version=0.2.0], [id=retire, version=0.9.0], [id=reveal, version=4.0.0], [id=saverawmessage, version=7.0.0], [id=savexmlmessage, version=0.3.0], [id=scripts, version=29.0.0], [id=selenium, version=15.6.0], [id=soap, version=12.0.0], [id=spiderAjax, version=23.7.0], [id=tips, version=9.0.0], [id=webdriverlinux, version=34.0.0], [id=websocket, version=24.0.0], [id=zest, version=35.0.0]]
10089 [ZAP-daemon] INFO  org.zaproxy.zap.control.ExtensionFactory - Extensions loaded
10505 [ZAP-daemon] INFO  org.parosproxy.paros.extension.ExtensionLoader - Initializing Allows ZAP to check for updates
10515 [ZAP-daemon] INFO  org.parosproxy.paros.extension.ExtensionLoader - Initializing Options Extension
10518 [ZAP-daemon] INFO  org.parosproxy.paros.extension.ExtensionLoader - Initializing Edit Menu Extension
10523 [ZAP-daemon] INFO  org.parosproxy.paros.extension.ExtensionLoader - Initializing Provides a rest based API for controlling and accessing ZAP
10544 [ZAP-daemon] INFO  org.parosproxy.paros.extension.ExtensionLoader - Initializing Session State Extension
10554 [ZAP-daemon] INFO  org.parosproxy.paros.extension.ExtensionLoader - Initializing History Extension
10558 [ZAP-daemon] INFO  org.parosproxy.paros.extension.ExtensionLoader - Initializing Show hidden fields and enable disabled fields
10563 [ZAP-daemon] INFO  org.parosproxy.paros.extension.ExtensionLoader - Initializing Search messages for strings and regular expressions
10570 [ZAP-daemon] INFO  org.parosproxy.paros.extension.ExtensionLoader - Initializing Allows you to intercept and modify requests and responses
10578 [ZAP-daemon] INFO  org.parosproxy.paros.extension.ExtensionLoader - Initializing Passive scanner
10963 [ZAP-daemon] INFO  org.zaproxy.zap.extension.pscan.ExtensionPassiveScan - loaded passive scan rule: Script Passive Scan Rules
10964 [ZAP-daemon] INFO  org.zaproxy.zap.extension.pscan.ExtensionPassiveScan - loaded passive scan rule: Stats Passive Scan Rule
10966 [ZAP-daemon] INFO  org.zaproxy.zap.extension.pscan.ExtensionPassiveScan - loaded passive scan rule: Application Error Disclosure
10968 [ZAP-daemon] INFO  org.zaproxy.zap.extension.pscan.ExtensionPassiveScan - loaded passive scan rule: Incomplete or No Cache-control Header Set
10970 [ZAP-daemon] INFO  org.zaproxy.zap.extension.pscan.ExtensionPassiveScan - loaded passive scan rule: Charset Mismatch
10972 [ZAP-daemon] INFO  org.zaproxy.zap.extension.pscan.ExtensionPassiveScan - loaded passive scan rule: CSP
10973 [ZAP-daemon] INFO  org.zaproxy.zap.extension.pscan.ExtensionPassiveScan - loaded passive scan rule: Content-Type Header Missing
10975 [ZAP-daemon] INFO  org.zaproxy.zap.extension.pscan.ExtensionPassiveScan - loaded passive scan rule: Cookie No HttpOnly Flag
10977 [ZAP-daemon] INFO  org.zaproxy.zap.extension.pscan.ExtensionPassiveScan - loaded passive scan rule: Loosely Scoped Cookie
10987 [ZAP-daemon] INFO  org.zaproxy.zap.extension.pscan.ExtensionPassiveScan - loaded passive scan rule: Cookie without SameSite Attribute
10988 [ZAP-daemon] INFO  org.zaproxy.zap.extension.pscan.ExtensionPassiveScan - loaded passive scan rule: Cookie Without Secure Flag
10990 [ZAP-daemon] INFO  org.zaproxy.zap.extension.pscan.ExtensionPassiveScan - loaded passive scan rule: Cross-Domain Misconfiguration
10992 [ZAP-daemon] INFO  org.zaproxy.zap.extension.pscan.ExtensionPassiveScan - loaded passive scan rule: Cross-Domain JavaScript Source File Inclusion
10993 [ZAP-daemon] INFO  org.zaproxy.zap.extension.pscan.ExtensionPassiveScan - loaded passive scan rule: Absence of Anti-CSRF Tokens
10998 [ZAP-daemon] INFO  org.zaproxy.zap.extension.pscan.ExtensionPassiveScan - loaded passive scan rule: Private IP Disclosure
11000 [ZAP-daemon] INFO  org.zaproxy.zap.extension.pscan.ExtensionPassiveScan - loaded passive scan rule: Session ID in URL Rewrite
11001 [ZAP-daemon] INFO  org.zaproxy.zap.extension.pscan.ExtensionPassiveScan - loaded passive scan rule: Information Disclosure - Debug Error Messages
11003 [ZAP-daemon] INFO  org.zaproxy.zap.extension.pscan.ExtensionPassiveScan - loaded passive scan rule: Information Disclosure - Sensitive Information in URL
11006 [ZAP-daemon] INFO  org.zaproxy.zap.extension.pscan.ExtensionPassiveScan - loaded passive scan rule: Information Disclosure - Sensitive Information in HTTP Referrer Header
11007 [ZAP-daemon] INFO  org.zaproxy.zap.extension.pscan.ExtensionPassiveScan - loaded passive scan rule: Information Disclosure - Suspicious Comments
11011 [ZAP-daemon] INFO  org.zaproxy.zap.extension.pscan.ExtensionPassiveScan - loaded passive scan rule: Weak Authentication Method
11013 [ZAP-daemon] INFO  org.zaproxy.zap.extension.pscan.ExtensionPassiveScan - loaded passive scan rule: Insecure JSF ViewState
11019 [ZAP-daemon] INFO  org.zaproxy.zap.extension.pscan.ExtensionPassiveScan - loaded passive scan rule: Secure Pages Include Mixed Content
11021 [ZAP-daemon] INFO  org.zaproxy.zap.extension.pscan.ExtensionPassiveScan - loaded passive scan rule: Timestamp Disclosure
11026 [ZAP-daemon] INFO  org.zaproxy.zap.extension.pscan.ExtensionPassiveScan - loaded passive scan rule: Username Hash Found
11031 [ZAP-daemon] INFO  org.zaproxy.zap.extension.pscan.ExtensionPassiveScan - loaded passive scan rule: Viewstate
11035 [ZAP-daemon] INFO  org.zaproxy.zap.extension.pscan.ExtensionPassiveScan - loaded passive scan rule: X-AspNet-Version Response Header
11038 [ZAP-daemon] INFO  org.zaproxy.zap.extension.pscan.ExtensionPassiveScan - loaded passive scan rule: X-Content-Type-Options Header Missing
11040 [ZAP-daemon] INFO  org.zaproxy.zap.extension.pscan.ExtensionPassiveScan - loaded passive scan rule: X-Debug-Token Information Leak
11044 [ZAP-daemon] INFO  org.zaproxy.zap.extension.pscan.ExtensionPassiveScan - loaded passive scan rule: X-Frame-Options Header
11047 [ZAP-daemon] INFO  org.zaproxy.zap.extension.pscan.ExtensionPassiveScan - loaded passive scan rule: Server Leaks Information via "X-Powered-By" HTTP Response Header Field(s)
11069 [ZAP-daemon] INFO  org.zaproxy.zap.extension.pscan.ExtensionPassiveScan - loaded passive scan rule: Vulnerable JS Library
11079 [ZAP-daemon] INFO  org.zaproxy.zap.extension.pscan.ExtensionPassiveScan - loaded passive scan rule: WSDL File Detection
11162 [ZAP-daemon] INFO  org.parosproxy.paros.extension.ExtensionLoader - Initializing Allows you to view and manage alerts
11168 [ZAP-daemon] INFO  org.parosproxy.paros.extension.ExtensionLoader - Initializing Active scanner, heavily based on the original Paros active scanner, but with additional tests added
11187 [ZAP-daemon] INFO  org.parosproxy.paros.extension.ExtensionLoader - Initializing Spider used for automatically finding URIs on a site
11220 [ZAP-daemon] INFO  org.parosproxy.paros.extension.ExtensionLoader - Initializing A set of common popup menus for miscellaneous tasks
11234 [ZAP-daemon] INFO  org.parosproxy.paros.extension.ExtensionLoader - Initializing Forced browsing of files and directories using code from the OWASP DirBuster tool
11246 [ZAP-daemon] INFO  org.parosproxy.paros.extension.ExtensionLoader - Initializing Manual Request Editor Extension
11248 [ZAP-daemon] INFO  org.parosproxy.paros.extension.ExtensionLoader - Initializing Compares 2 sessions and generates an HTML file showing the differences
11251 [ZAP-daemon] INFO  org.parosproxy.paros.extension.ExtensionLoader - Initializing Invoke external applications passing context related information such as URLs and parameters
11254 [ZAP-daemon] INFO  org.parosproxy.paros.extension.ExtensionLoader - Initializing Handles anti cross site request forgery (CSRF) tokens
11280 [ZAP-daemon] INFO  org.parosproxy.paros.extension.ExtensionLoader - Initializing Authentication Extension
11318 [ZAP-daemon] INFO  org.zaproxy.zap.extension.authentication.ExtensionAuthentication - Loaded authentication method types: [Form-based Authentication, HTTP/NTLM Authentication, Manual Authentication, Script-based Authentication, JSON-based Authentication]
11329 [ZAP-daemon] INFO  org.parosproxy.paros.extension.ExtensionLoader - Initializing Creates a dynamic SSL certificate to allow SSL communications to be intercepted without warnings being generated by the browser
11334 [ZAP-daemon] INFO  org.parosproxy.paros.extension.ExtensionLoader - Initializing Logs errors to the Output tab in development mode only
11336 [ZAP-daemon] INFO  org.parosproxy.paros.extension.ExtensionLoader - Initializing Users Extension
11350 [ZAP-daemon] INFO  org.parosproxy.paros.extension.ExtensionLoader - Initializing Summarise and analyse FORM and URL parameters as well as cookies
11353 [ZAP-daemon] INFO  org.parosproxy.paros.extension.ExtensionLoader - Initializing Script integration
11376 [ZAP-daemon] INFO  org.parosproxy.paros.extension.ExtensionLoader - Initializing Scripting console, supports all JSR 223 scripting languages
12178 [ZAP-daemon] INFO  org.parosproxy.paros.extension.ExtensionLoader - Initializing Forced User Extension
12214 [ZAP-daemon] INFO  org.parosproxy.paros.extension.ExtensionLoader - Initializing Extension handling HTTP sessions
12258 [ZAP-daemon] INFO  org.parosproxy.paros.extension.ExtensionLoader - Initializing Zest is a specialized scripting language, originally, from Mozilla specifically designed to be used in security tools
13472 [ZAP-daemon] INFO  org.parosproxy.paros.extension.ExtensionLoader - Initializing ExtensionDiff
13476 [ZAP-daemon] INFO  org.parosproxy.paros.extension.ExtensionLoader - Initializing HTTP Panel Post Table View Extension
13487 [ZAP-daemon] INFO  org.parosproxy.paros.extension.ExtensionLoader - Initializing Adds support for scriptable encoders to ZAP.
13493 [ZAP-daemon] INFO  org.parosproxy.paros.extension.ExtensionLoader - Initializing Session Management Extension
13534 [ZAP-daemon] INFO  org.zaproxy.zap.extension.sessions.ExtensionSessionManagement - Loaded session management method types: [Cookie-based Session Management, HTTP Authentication Session Management, Script-based Session Management]
13547 [ZAP-daemon] INFO  org.parosproxy.paros.extension.ExtensionLoader - Initializing HTTP Panel Form Table View Extension
13558 [ZAP-daemon] INFO  org.parosproxy.paros.extension.ExtensionLoader - Initializing Capture messages from WebSockets with the ability to set breakpoints.
13610 [ZAP-daemon] INFO  org.parosproxy.paros.extension.ExtensionLoader - Initializing Allows you to import a file containing URLs which ZAP will access, adding them to the Sites tree
13616 [ZAP-daemon] INFO  org.parosproxy.paros.extension.ExtensionLoader - Initializing Allows you to import a WSDL file containing operations which ZAP will access, adding them to the Sites tree.
13628 [ZAP-daemon] INFO  org.parosproxy.paros.extension.ExtensionLoader - Initializing Core UI related functionality.
13630 [ZAP-daemon] INFO  org.parosproxy.paros.extension.ExtensionLoader - Initializing Authorization Extension
13637 [ZAP-daemon] INFO  org.parosproxy.paros.extension.ExtensionLoader - Initializing AJAX Spider, uses Crawljax
13641 [ZAP-daemon] INFO  org.parosproxy.paros.extension.ExtensionLoader - Initializing Provides WebDrivers to control several browsers using Selenium and includes HtmlUnit browser.
13676 [ZAP-daemon] INFO  org.parosproxy.paros.extension.ExtensionLoader - Initializing Manages the local proxy configurations
13680 [ZAP-daemon] INFO  org.parosproxy.paros.extension.ExtensionLoader - Initializing Handles adding Global Excluded URLs
13684 [ZAP-daemon] INFO  org.parosproxy.paros.extension.ExtensionLoader - Initializing Adds menu item to refresh the Sites tree
13686 [ZAP-daemon] INFO  org.parosproxy.paros.extension.ExtensionLoader - Initializing OWASP ZAP User Guide
13688 [ZAP-daemon] INFO  org.parosproxy.paros.extension.ExtensionLoader - Initializing Allows you to configure which extensions are loaded when ZAP starts
13691 [ZAP-daemon] INFO  org.parosproxy.paros.extension.ExtensionLoader - Initializing Combined HTTP Panels Extension
13693 [ZAP-daemon] INFO  org.parosproxy.paros.extension.ExtensionLoader - Initializing HTTP Panel Hex View Extension
13695 [ZAP-daemon] INFO  org.parosproxy.paros.extension.ExtensionLoader - Initializing HTTP Panel Image View Extension
13698 [ZAP-daemon] INFO  org.parosproxy.paros.extension.ExtensionLoader - Initializing HTTP Panel Large Request View Extension
13701 [ZAP-daemon] INFO  org.parosproxy.paros.extension.ExtensionLoader - Initializing HTTP Panel Large Response View Extension
13706 [ZAP-daemon] INFO  org.parosproxy.paros.extension.ExtensionLoader - Initializing HTTP Panel Query Table View Extension
13709 [ZAP-daemon] INFO  org.parosproxy.paros.extension.ExtensionLoader - Initializing HTTP Panel Syntax Highlighter View Extension
13716 [ZAP-daemon] INFO  org.parosproxy.paros.extension.ExtensionLoader - Initializing Adds support for configurable keyboard shortcuts for all of the ZAP menus.
13718 [ZAP-daemon] INFO  org.parosproxy.paros.extension.ExtensionLoader - Initializing Active and passive rule configuration
13731 [ZAP-daemon] INFO  org.parosproxy.paros.extension.ExtensionLoader - Initializing Statistics
13741 [ZAP-daemon] INFO  org.zaproxy.zap.extension.stats.ExtensionStats - Start recording in memory stats
13745 [ZAP-daemon] INFO  org.parosproxy.paros.extension.ExtensionLoader - Initializing Custom Pages Definition
13747 [ZAP-daemon] INFO  org.parosproxy.paros.extension.ExtensionLoader - Initializing ExtensionSaveXMLHttpMessage
13751 [ZAP-daemon] INFO  org.parosproxy.paros.extension.ExtensionLoader - Initializing Context alert rules filter
13768 [ZAP-daemon] INFO  org.parosproxy.paros.extension.ExtensionLoader - Initializing Alert Filters Automation Framework Integration
13777 [ZAP-daemon] INFO  org.parosproxy.paros.extension.ExtensionLoader - Initializing Adds the Quick Start panel for scanning and exploring applications
13805 [ZAP-daemon] INFO  org.parosproxy.paros.extension.ExtensionLoader - Initializing Add the option to use the Ajax Spider in the Quick Start scan
13810 [ZAP-daemon] INFO  org.parosproxy.paros.extension.ExtensionLoader - Initializing Launch browsers proxying through ZAP
13831 [ZAP-daemon] INFO  org.parosproxy.paros.extension.ExtensionLoader - Initializing Launch browsers proxying through ZAP
13874 [ZAP-daemon] INFO  org.parosproxy.paros.extension.ExtensionLoader - Initializing DOM XSS Active Scan Rule
14035 [ZAP-daemon] INFO  org.parosproxy.paros.extension.ExtensionLoader - Initializing Report Generation
14041 [ZAP-daemon] INFO  org.parosproxy.paros.extension.ExtensionLoader - Initializing Report Generation Automation Integration
14051 [ZAP-daemon] INFO  org.parosproxy.paros.extension.ExtensionLoader - Initializing Provides the foundation for concrete message types (for example, HTTP, WebSockets) expose fuzzer implementations.
14056 [ZAP-daemon] INFO  org.parosproxy.paros.extension.ExtensionLoader - Initializing Allows to fuzz HTTP messages.
14059 [ZAP-daemon] INFO  org.parosproxy.paros.extension.ExtensionLoader - Initializing Passive Scan Rules
14080 [ZAP-daemon] INFO  org.parosproxy.paros.extension.ExtensionLoader - Initializing The ZAP Getting Started Guide
14084 [ZAP-daemon] INFO  org.parosproxy.paros.extension.ExtensionLoader - Initializing Provides core networking capabilities.
14088 [ZAP-daemon] INFO  org.parosproxy.paros.extension.ExtensionLoader - Initializing Provides the GraalVM JavaScript engine for ZAP scripting.
14987 [ZAP-daemon] INFO  org.parosproxy.paros.extension.ExtensionLoader - Initializing Allows you to inspect and attack GraphQL endpoints.
15006 [ZAP-daemon] INFO  org.parosproxy.paros.extension.ExtensionLoader - Initializing GraphQL Automation Framework Integration
15021 [ZAP-daemon] INFO  org.parosproxy.paros.extension.ExtensionLoader - Initializing The Online menu links
15024 [ZAP-daemon] INFO  org.parosproxy.paros.extension.ExtensionLoader - Initializing ExtensionSaveRawHttpMessage
15039 [ZAP-daemon] INFO  org.parosproxy.paros.extension.ExtensionLoader - Initializing Automation Framework
15051 [ZAP-daemon] INFO  org.parosproxy.paros.extension.ExtensionLoader - Initializing Allows to fuzz WebSocket messages.
15066 [ZAP-daemon] INFO  org.parosproxy.paros.extension.ExtensionLoader - Initializing Handles all of the calls to ZAP services
15082 [ZAP-daemon] INFO  org.parosproxy.paros.extension.ExtensionLoader - Initializing Heads Up Display
15257 [ZAP-daemon] INFO  org.parosproxy.paros.extension.ExtensionLoader - Initializing ExtensionHUDlaunch
15262 [ZAP-daemon] INFO  org.parosproxy.paros.extension.ExtensionLoader - Initializing Active Scan Rules
15275 [ZAP-daemon] INFO  org.parosproxy.paros.extension.ExtensionLoader - Initializing Tips and Tricks
15278 [ZAP-daemon] INFO  org.parosproxy.paros.extension.ExtensionLoader - Initializing Allows you to spider and import OpenAPI (Swagger) definitions 
15295 [ZAP-daemon] INFO  org.parosproxy.paros.extension.ExtensionLoader - Initializing OpenAPI Automation Framework Integration
15303 [ZAP-daemon] INFO  org.parosproxy.paros.extension.ExtensionLoader - Initializing ExtensionOast
15345 [ZAP-daemon] INFO  org.parosproxy.paros.extension.ExtensionLoader - Initializing Adds OAST scripts.
15348 [ZAP-daemon] INFO  org.parosproxy.paros.extension.ExtensionLoader - Initializing This extension allows a user to change the default values used by ZAP Spiders.
15363 [ZAP-daemon] INFO  org.parosproxy.paros.extension.ExtensionLoader - Initializing Ajax Spider Automation Framework Integration
15399 [ZAP-daemon] INFO  org.parosproxy.paros.extension.ExtensionLoader - Initializing SOAP Automation Framework Integration
15418 [ZAP-daemon] INFO  org.parosproxy.paros.extension.ExtensionLoader - Initializing Import and Export functionality supporting multiple formats.
15426 [ZAP-daemon] INFO  org.parosproxy.paros.extension.ExtensionLoader - Initializing The Retest add-on allows to verify the presence/absence of certain alerts.
15447 [ZAP-daemon] INFO  org.parosproxy.paros.extension.ExtensionLoader - Initializing Easy way to replace strings in requests and responses
15495 [ZAP-daemon] WARN  org.zaproxy.zap.extension.script.ExtensionScript - Failed to add script "TokenSession", provided script type "Session Management" not found, available: [session, httpsender, standalone, active, passive, extender, proxy, selenium, websocketsender, hud, variant, targeted, encode-decode, websocketpassive, authentication]
15503 [ZAP-daemon] WARN  org.zaproxy.zap.extension.script.ExtensionScript - Failed to add script "Auth", provided script type "Authentication" not found, available: [session, httpsender, standalone, active, passive, extender, proxy, selenium, websocketsender, hud, variant, targeted, encode-decode, websocketpassive, authentication]
15615 [ZAP-daemon] INFO  org.zaproxy.addon.oast.services.callback.CallbackService - Started callback service on 0.0.0.0:38001
15620 [ZAP-daemon] INFO  org.zaproxy.zap.extension.dynssl.ExtensionDynSSL - Creating new root CA certificate
17297 [ZAP-daemon] INFO  org.zaproxy.zap.extension.dynssl.ExtensionDynSSL - New root CA certificate created
18312 [ZAP-daemon] INFO  org.zaproxy.zap.extension.autoupdate.ExtensionAutoUpdate - There is/are 17 newer addons
46672 [ZAP-DownloadInstaller] INFO  org.zaproxy.zap.extension.autoupdate.ExtensionAutoUpdate - Installing new addon callhome v0.3.0
46657 [ZAP-telemetry-stats] ERROR org.zaproxy.zap.ZAP.UncaughtExceptionLogger - Exception in thread "ZAP-telemetry-stats"
java.lang.NoClassDefFoundError: org/zaproxy/addon/callhome/ExtensionCallHome$StatsPredicate
	at org.zaproxy.addon.callhome.ExtensionCallHome.addStatistics(ExtensionCallHome.java:273) ~[?:?]
	at org.zaproxy.addon.callhome.ExtensionCallHome.lambda$uploadTelemetrySessionData$6(ExtensionCallHome.java:345) ~[?:?]
	at java.lang.Thread.run(Thread.java:829) [?:?]
Caused by: java.lang.ClassNotFoundException
	at org.zaproxy.zap.control.AddOnClassLoader.findClass(AddOnClassLoader.java:330) ~[zap-2.11.1.jar:2.11.1]
	at java.lang.ClassLoader.loadClass(ClassLoader.java:589) ~[?:?]
	at java.lang.ClassLoader.loadClass(ClassLoader.java:522) ~[?:?]
	... 3 more
46869 [ZAP-DownloadInstaller] INFO  org.zaproxy.zap.extension.autoupdate.ExtensionAutoUpdate - Finished installing new addon callhome v0.3.0
46928 [ZAP-DownloadInstaller] INFO  org.zaproxy.zap.extension.autoupdate.ExtensionAutoUpdate - Installing new addon pscanrules v39.0.0
46930 [ZAP-DownloadInstaller] INFO  org.zaproxy.zap.extension.autoupdate.ExtensionAutoUpdate - Finished installing new addon pscanrules v39.0.0
46969 [ZAP-DownloadInstaller] INFO  org.zaproxy.zap.extension.autoupdate.ExtensionAutoUpdate - Installing new addon commonlib v1.8.0
47119 [ZAP-DownloadInstaller] ERROR org.zaproxy.zap.utils.I18N - Adding message bundle with duplicate prefix: retire
47128 [ZAP-DownloadInstaller] INFO  org.zaproxy.zap.extension.pscan.ExtensionPassiveScan - loaded passive scan rule: Vulnerable JS Library
47251 [ZAP-DownloadInstaller] INFO  org.zaproxy.zap.extension.pscan.ExtensionPassiveScan - loaded passive scan rule: WSDL File Detection
47325 [ZAP-DownloadInstaller] INFO  org.zaproxy.zap.extension.pscan.ExtensionPassiveScan - loaded passive scan rule: Anti-clickjacking Header
47328 [ZAP-DownloadInstaller] INFO  org.zaproxy.zap.extension.pscan.ExtensionPassiveScan - loaded passive scan rule: Application Error Disclosure
47332 [ZAP-DownloadInstaller] INFO  org.zaproxy.zap.extension.pscan.ExtensionPassiveScan - loaded passive scan rule: Re-examine Cache-control Directives
47335 [ZAP-DownloadInstaller] INFO  org.zaproxy.zap.extension.pscan.ExtensionPassiveScan - loaded passive scan rule: Charset Mismatch
47338 [ZAP-DownloadInstaller] INFO  org.zaproxy.zap.extension.pscan.ExtensionPassiveScan - loaded passive scan rule: CSP
47341 [ZAP-DownloadInstaller] INFO  org.zaproxy.zap.extension.pscan.ExtensionPassiveScan - loaded passive scan rule: Content-Type Header Missing
47343 [ZAP-DownloadInstaller] INFO  org.zaproxy.zap.extension.pscan.ExtensionPassiveScan - loaded passive scan rule: Cookie No HttpOnly Flag
47345 [ZAP-DownloadInstaller] INFO  org.zaproxy.zap.extension.pscan.ExtensionPassiveScan - loaded passive scan rule: Loosely Scoped Cookie
47347 [ZAP-DownloadInstaller] INFO  org.zaproxy.zap.extension.pscan.ExtensionPassiveScan - loaded passive scan rule: Cookie without SameSite Attribute
47350 [ZAP-DownloadInstaller] INFO  org.zaproxy.zap.extension.pscan.ExtensionPassiveScan - loaded passive scan rule: Cookie Without Secure Flag
47356 [ZAP-DownloadInstaller] INFO  org.zaproxy.zap.extension.pscan.ExtensionPassiveScan - loaded passive scan rule: Cross-Domain Misconfiguration
47360 [ZAP-DownloadInstaller] INFO  org.zaproxy.zap.extension.pscan.ExtensionPassiveScan - loaded passive scan rule: Cross-Domain JavaScript Source File Inclusion
47366 [ZAP-DownloadInstaller] INFO  org.zaproxy.zap.extension.pscan.ExtensionPassiveScan - loaded passive scan rule: Absence of Anti-CSRF Tokens
47369 [ZAP-DownloadInstaller] INFO  org.zaproxy.zap.extension.pscan.ExtensionPassiveScan - loaded passive scan rule: Private IP Disclosure
47371 [ZAP-DownloadInstaller] INFO  org.zaproxy.zap.extension.pscan.ExtensionPassiveScan - loaded passive scan rule: Session ID in URL Rewrite
47373 [ZAP-DownloadInstaller] INFO  org.zaproxy.zap.extension.pscan.ExtensionPassiveScan - loaded passive scan rule: Information Disclosure - Debug Error Messages
47375 [ZAP-DownloadInstaller] INFO  org.zaproxy.zap.extension.pscan.ExtensionPassiveScan - loaded passive scan rule: Information Disclosure - Sensitive Information in URL
47377 [ZAP-DownloadInstaller] INFO  org.zaproxy.zap.extension.pscan.ExtensionPassiveScan - loaded passive scan rule: Information Disclosure - Sensitive Information in HTTP Referrer Header
47379 [ZAP-DownloadInstaller] INFO  org.zaproxy.zap.extension.pscan.ExtensionPassiveScan - loaded passive scan rule: Information Disclosure - Suspicious Comments
47380 [ZAP-DownloadInstaller] INFO  org.zaproxy.zap.extension.pscan.ExtensionPassiveScan - loaded passive scan rule: Weak Authentication Method
47382 [ZAP-DownloadInstaller] INFO  org.zaproxy.zap.extension.pscan.ExtensionPassiveScan - loaded passive scan rule: Insecure JSF ViewState
47383 [ZAP-DownloadInstaller] INFO  org.zaproxy.zap.extension.pscan.ExtensionPassiveScan - loaded passive scan rule: Secure Pages Include Mixed Content
47388 [ZAP-DownloadInstaller] INFO  org.zaproxy.zap.extension.pscan.ExtensionPassiveScan - loaded passive scan rule: Timestamp Disclosure
47390 [ZAP-DownloadInstaller] INFO  org.zaproxy.zap.extension.pscan.ExtensionPassiveScan - loaded passive scan rule: Username Hash Found
47391 [ZAP-DownloadInstaller] INFO  org.zaproxy.zap.extension.pscan.ExtensionPassiveScan - loaded passive scan rule: Viewstate
47394 [ZAP-DownloadInstaller] INFO  org.zaproxy.zap.extension.pscan.ExtensionPassiveScan - loaded passive scan rule: X-AspNet-Version Response Header
47396 [ZAP-DownloadInstaller] INFO  org.zaproxy.zap.extension.pscan.ExtensionPassiveScan - loaded passive scan rule: X-Content-Type-Options Header Missing
47397 [ZAP-DownloadInstaller] INFO  org.zaproxy.zap.extension.pscan.ExtensionPassiveScan - loaded passive scan rule: X-Debug-Token Information Leak
47399 [ZAP-DownloadInstaller] INFO  org.zaproxy.zap.extension.pscan.ExtensionPassiveScan - loaded passive scan rule: Server Leaks Information via "X-Powered-By" HTTP Response Header Field(s)
47416 [ZAP-DownloadInstaller] INFO  org.zaproxy.zap.extension.autoupdate.ExtensionAutoUpdate - Finished installing new addon commonlib v1.8.0
47566 [ZAP-DownloadInstaller] INFO  org.zaproxy.zap.extension.autoupdate.ExtensionAutoUpdate - Installing new addon scripts v30.0.0
50614 [ZAP-DownloadInstaller] INFO  org.zaproxy.zap.extension.autoupdate.ExtensionAutoUpdate - Finished installing new addon scripts v30.0.0
50635 [ZAP-DownloadInstaller] INFO  org.zaproxy.zap.extension.autoupdate.ExtensionAutoUpdate - Installing new addon exim v0.1.0
50719 [ZAP-DownloadInstaller] WARN  org.zaproxy.zap.extension.savexmlmessage.ExtensionSaveXMLHttpMessage - The Save HTTP Message as XML add-on has been retired. This functionality is now provided by the Import/Export add-on.
50736 [ZAP-DownloadInstaller] WARN  org.zaproxy.zap.extension.saverawmessage.ExtensionSaveRawHttpMessage - The Save Raw HTTP Message add-on has been retired. This functionality is now provided by the Import/Export add-on.
50751 [ZAP-DownloadInstaller] WARN  org.zaproxy.zap.extension.importurls.ExtensionImportUrls - The Import URLs add-on has been retired. This functionality is now provided by the Import/Export add-on.
50756 [ZAP-DownloadInstaller] INFO  org.zaproxy.zap.extension.autoupdate.ExtensionAutoUpdate - Finished installing new addon exim v0.1.0
50784 [ZAP-DownloadInstaller] INFO  org.zaproxy.zap.extension.autoupdate.ExtensionAutoUpdate - Installing new addon graphql v0.8.0
50832 [ZAP-DownloadInstaller] INFO  org.zaproxy.zap.extension.autoupdate.ExtensionAutoUpdate - Finished installing new addon graphql v0.8.0
50884 [ZAP-DownloadInstaller] INFO  org.zaproxy.zap.extension.autoupdate.ExtensionAutoUpdate - Installing new addon selenium v15.7.0
51343 [ZAP-DownloadInstaller] INFO  org.zaproxy.zap.extension.autoupdate.ExtensionAutoUpdate - Finished installing new addon selenium v15.7.0
51382 [ZAP-DownloadInstaller] INFO  org.zaproxy.zap.extension.autoupdate.ExtensionAutoUpdate - Installing new addon retire v0.10.0
51421 [ZAP-DownloadInstaller] INFO  org.zaproxy.zap.extension.pscan.ExtensionPassiveScan - loaded passive scan rule: Vulnerable JS Library
51464 [ZAP-DownloadInstaller] INFO  org.zaproxy.zap.extension.autoupdate.ExtensionAutoUpdate - Finished installing new addon retire v0.10.0
51596 [ZAP-DownloadInstaller] INFO  org.zaproxy.zap.extension.autoupdate.ExtensionAutoUpdate - Installing new addon oast v0.10.0
51599 [ZAP-DownloadInstaller] INFO  org.zaproxy.zap.extension.autoupdate.ExtensionAutoUpdate - Finished installing new addon oast v0.10.0
51629 [ZAP-DownloadInstaller] INFO  org.zaproxy.zap.extension.autoupdate.ExtensionAutoUpdate - Installing new addon ascanrules v44.0.0
51720 [ZAP-DownloadInstaller] INFO  org.zaproxy.zap.extension.autoupdate.ExtensionAutoUpdate - Finished installing new addon ascanrules v44.0.0
52045 [ZAP-DownloadInstaller] INFO  org.zaproxy.zap.extension.autoupdate.ExtensionAutoUpdate - Installing new addon reports v0.12.0
52188 [ZAP-DownloadInstaller] INFO  org.zaproxy.zap.extension.autoupdate.ExtensionAutoUpdate - Finished installing new addon reports v0.12.0
52237 [ZAP-DownloadInstaller] INFO  org.zaproxy.zap.extension.autoupdate.ExtensionAutoUpdate - Installing new addon webdriverlinux v36.0.0
52691 [ZAP-DownloadInstaller] INFO  org.zaproxy.zap.extension.autoupdate.ExtensionAutoUpdate - Finished installing new addon webdriverlinux v36.0.0
52723 [ZAP-DownloadInstaller] INFO  org.zaproxy.zap.extension.autoupdate.ExtensionAutoUpdate - Installing new addon fuzz v13.6.0
52977 [ZAP-DownloadInstaller] INFO  org.zaproxy.zap.extension.autoupdate.ExtensionAutoUpdate - Finished installing new addon fuzz v13.6.0
53010 [ZAP-DownloadInstaller] INFO  org.zaproxy.zap.extension.autoupdate.ExtensionAutoUpdate - Installing new addon openapi v26.0.0
53055 [ZAP-DownloadInstaller] INFO  org.zaproxy.zap.extension.autoupdate.ExtensionAutoUpdate - Finished installing new addon openapi v26.0.0
53071 [ZAP-DownloadInstaller] INFO  org.zaproxy.zap.extension.autoupdate.ExtensionAutoUpdate - Installing new addon automation v0.13.0
53530 [ZAP-DownloadInstaller] INFO  org.zaproxy.zap.extension.autoupdate.ExtensionAutoUpdate - Finished installing new addon automation v0.13.0
53643 [ZAP-DownloadInstaller] INFO  org.zaproxy.zap.extension.autoupdate.ExtensionAutoUpdate - Installing new addon network v0.1.0
53985 [ZAP-DownloadInstaller] INFO  org.zaproxy.addon.network.internal.TlsUtils - Using supported SSL/TLS protocols: [TLSv1.2, TLSv1.3]
56622 [ZAP-DownloadInstaller] INFO  org.zaproxy.addon.oast.services.callback.CallbackService - Started callback service on 0.0.0.0:43735
56646 [ZAP-DownloadInstaller] INFO  org.zaproxy.zap.extension.autoupdate.ExtensionAutoUpdate - Finished installing new addon network v0.1.0
56809 [ZAP-DownloadInstaller] INFO  org.zaproxy.zap.extension.autoupdate.ExtensionAutoUpdate - Installing new addon soap v13.0.0
57028 [ZAP-DownloadInstaller] INFO  org.zaproxy.zap.extension.pscan.ExtensionPassiveScan - loaded passive scan rule: WSDL File Detection
57059 [ZAP-DownloadInstaller] INFO  org.zaproxy.zap.extension.autoupdate.ExtensionAutoUpdate - Finished installing new addon soap v13.0.0
57130 [ZAP-daemon] INFO  org.parosproxy.paros.CommandLine - Add-on downloaded to: /home/zap/.ZAP/plugin/callhome-alpha-0.3.0.zap
57134 [ZAP-daemon] INFO  org.parosproxy.paros.CommandLine - Add-on downloaded to: /home/zap/.ZAP/plugin/exim-beta-0.1.0.zap
57136 [ZAP-daemon] INFO  org.parosproxy.paros.CommandLine - Add-on downloaded to: /home/zap/.ZAP/plugin/oast-alpha-0.10.0.zap
57142 [ZAP-daemon] INFO  org.parosproxy.paros.CommandLine - Add-on downloaded to: /home/zap/.ZAP/plugin/scripts-beta-30.zap
57145 [ZAP-daemon] INFO  org.parosproxy.paros.CommandLine - Add-on downloaded to: /home/zap/.ZAP/plugin/pscanrules-release-39.zap
57147 [ZAP-daemon] INFO  org.parosproxy.paros.CommandLine - Add-on downloaded to: /home/zap/.ZAP/plugin/retire-release-0.10.0.zap
57150 [ZAP-daemon] INFO  org.parosproxy.paros.CommandLine - Add-on downloaded to: /home/zap/.ZAP/plugin/fuzz-beta-13.6.0.zap
57153 [ZAP-daemon] INFO  org.parosproxy.paros.CommandLine - Add-on downloaded to: /home/zap/.ZAP/plugin/ascanrules-release-44.zap
57155 [ZAP-daemon] INFO  org.parosproxy.paros.CommandLine - Add-on downloaded to: /home/zap/.ZAP/plugin/commonlib-release-1.8.0.zap
57158 [ZAP-daemon] INFO  org.parosproxy.paros.CommandLine - Add-on downloaded to: /home/zap/.ZAP/plugin/automation-beta-0.13.0.zap
57161 [ZAP-daemon] INFO  org.parosproxy.paros.CommandLine - Add-on downloaded to: /home/zap/.ZAP/plugin/soap-alpha-13.zap
57164 [ZAP-daemon] INFO  org.parosproxy.paros.CommandLine - Add-on downloaded to: /home/zap/.ZAP/plugin/openapi-beta-26.zap
57183 [ZAP-daemon] INFO  org.parosproxy.paros.CommandLine - Add-on downloaded to: /home/zap/.ZAP/plugin/webdriverlinux-release-36.zap
57197 [ZAP-daemon] INFO  org.parosproxy.paros.CommandLine - Add-on downloaded to: /home/zap/.ZAP/plugin/network-alpha-0.1.0.zap
57199 [ZAP-daemon] INFO  org.parosproxy.paros.CommandLine - Add-on downloaded to: /home/zap/.ZAP/plugin/graphql-alpha-0.8.0.zap
57205 [ZAP-daemon] INFO  org.parosproxy.paros.CommandLine - Add-on downloaded to: /home/zap/.ZAP/plugin/selenium-release-15.7.0.zap
57206 [ZAP-daemon] INFO  org.parosproxy.paros.CommandLine - Add-on downloaded to: /home/zap/.ZAP/plugin/reports-release-0.12.0.zap
57209 [ZAP-daemon] INFO  org.parosproxy.paros.CommandLine - Add-on update check complete
57212 [ZAP-daemon] INFO  org.parosproxy.paros.CommandLine - Downloading add-on from: https://github.com/zaproxy/zap-extensions/releases/download/pscanrulesBeta-v28/pscanrulesBeta-beta-28.zap
58239 [ZAP-DownloadInstaller] INFO  org.zaproxy.zap.extension.autoupdate.ExtensionAutoUpdate - Installing new addon pscanrulesBeta v28.0.0
58292 [ZAP-DownloadInstaller] INFO  org.zaproxy.zap.extension.pscan.ExtensionPassiveScan - loaded passive scan rule: Big Redirect Detected (Potential Sensitive Information Leak)
58294 [ZAP-DownloadInstaller] INFO  org.zaproxy.zap.extension.pscan.ExtensionPassiveScan - loaded passive scan rule: Content Security Policy (CSP) Header Not Set
58300 [ZAP-DownloadInstaller] INFO  org.zaproxy.zap.extension.pscan.ExtensionPassiveScan - loaded passive scan rule: Directory Browsing
58302 [ZAP-DownloadInstaller] INFO  org.zaproxy.zap.extension.pscan.ExtensionPassiveScan - loaded passive scan rule: Hash Disclosure
58305 [ZAP-DownloadInstaller] INFO  org.zaproxy.zap.extension.pscan.ExtensionPassiveScan - loaded passive scan rule: Heartbleed OpenSSL Vulnerability (Indicative)
58308 [ZAP-DownloadInstaller] INFO  org.zaproxy.zap.extension.pscan.ExtensionPassiveScan - loaded passive scan rule: HTTP to HTTPS Insecure Transition in Form Post
58310 [ZAP-DownloadInstaller] INFO  org.zaproxy.zap.extension.pscan.ExtensionPassiveScan - loaded passive scan rule: HTTPS to HTTP Insecure Transition in Form Post
58312 [ZAP-DownloadInstaller] INFO  org.zaproxy.zap.extension.pscan.ExtensionPassiveScan - loaded passive scan rule: Reverse Tabnabbing
58317 [ZAP-DownloadInstaller] INFO  org.zaproxy.zap.extension.pscan.ExtensionPassiveScan - loaded passive scan rule: Modern Web Application
58323 [ZAP-DownloadInstaller] INFO  org.zaproxy.zap.extension.pscan.ExtensionPassiveScan - loaded passive scan rule: PII Disclosure
58326 [ZAP-DownloadInstaller] INFO  org.zaproxy.zap.extension.pscan.ExtensionPassiveScan - loaded passive scan rule: Retrieved from Cache
58329 [ZAP-DownloadInstaller] INFO  org.zaproxy.zap.extension.pscan.ExtensionPassiveScan - loaded passive scan rule: HTTP Server Response Header
58335 [ZAP-DownloadInstaller] INFO  org.zaproxy.zap.extension.pscan.ExtensionPassiveScan - loaded passive scan rule: HTTP Parameter Override
58339 [ZAP-DownloadInstaller] INFO  org.zaproxy.zap.extension.pscan.ExtensionPassiveScan - loaded passive scan rule: Strict-Transport-Security Header
58343 [ZAP-DownloadInstaller] INFO  org.zaproxy.zap.extension.pscan.ExtensionPassiveScan - loaded passive scan rule: User Controllable Charset
58352 [ZAP-DownloadInstaller] INFO  org.zaproxy.zap.extension.pscan.ExtensionPassiveScan - loaded passive scan rule: Cookie Poisoning
58355 [ZAP-DownloadInstaller] INFO  org.zaproxy.zap.extension.pscan.ExtensionPassiveScan - loaded passive scan rule: User Controllable HTML Element Attribute (Potential XSS)
58359 [ZAP-DownloadInstaller] INFO  org.zaproxy.zap.extension.pscan.ExtensionPassiveScan - loaded passive scan rule: User Controllable JavaScript Event (XSS)
58361 [ZAP-DownloadInstaller] INFO  org.zaproxy.zap.extension.pscan.ExtensionPassiveScan - loaded passive scan rule: Open Redirect
58364 [ZAP-DownloadInstaller] INFO  org.zaproxy.zap.extension.pscan.ExtensionPassiveScan - loaded passive scan rule: X-Backend-Server Header Information Leak
58365 [ZAP-DownloadInstaller] INFO  org.zaproxy.zap.extension.pscan.ExtensionPassiveScan - loaded passive scan rule: X-ChromeLogger-Data (XCOLD) Header Information Leak
58405 [ZAP-DownloadInstaller] INFO  org.zaproxy.zap.extension.autoupdate.ExtensionAutoUpdate - Finished installing new addon pscanrulesBeta v28.0.0
58431 [ZAP-daemon] INFO  org.parosproxy.paros.CommandLine - Add-on downloaded to: /home/zap/.ZAP/plugin/callhome-alpha-0.3.0.zap
58433 [ZAP-daemon] INFO  org.parosproxy.paros.CommandLine - Add-on downloaded to: /home/zap/.ZAP/plugin/exim-beta-0.1.0.zap
58442 [ZAP-daemon] INFO  org.parosproxy.paros.CommandLine - Add-on downloaded to: /home/zap/.ZAP/plugin/oast-alpha-0.10.0.zap
58447 [ZAP-daemon] INFO  org.parosproxy.paros.CommandLine - Add-on downloaded to: /home/zap/.ZAP/plugin/scripts-beta-30.zap
58462 [ZAP-daemon] INFO  org.parosproxy.paros.CommandLine - Add-on downloaded to: /home/zap/.ZAP/plugin/pscanrules-release-39.zap
58496 [ZAP-daemon] INFO  org.parosproxy.paros.CommandLine - Add-on downloaded to: /home/zap/.ZAP/plugin/retire-release-0.10.0.zap
58498 [ZAP-daemon] INFO  org.parosproxy.paros.CommandLine - Add-on downloaded to: /home/zap/.ZAP/plugin/fuzz-beta-13.6.0.zap
58501 [ZAP-daemon] INFO  org.parosproxy.paros.CommandLine - Add-on downloaded to: /home/zap/.ZAP/plugin/ascanrules-release-44.zap
58510 [ZAP-daemon] INFO  org.parosproxy.paros.CommandLine - Add-on downloaded to: /home/zap/.ZAP/plugin/commonlib-release-1.8.0.zap
58514 [ZAP-daemon] INFO  org.parosproxy.paros.CommandLine - Add-on downloaded to: /home/zap/.ZAP/plugin/automation-beta-0.13.0.zap
58516 [ZAP-daemon] INFO  org.parosproxy.paros.CommandLine - Add-on downloaded to: /home/zap/.ZAP/plugin/soap-alpha-13.zap
58523 [ZAP-daemon] INFO  org.parosproxy.paros.CommandLine - Add-on downloaded to: /home/zap/.ZAP/plugin/openapi-beta-26.zap
58528 [ZAP-daemon] INFO  org.parosproxy.paros.CommandLine - Add-on downloaded to: /home/zap/.ZAP/plugin/webdriverlinux-release-36.zap
58529 [ZAP-daemon] INFO  org.parosproxy.paros.CommandLine - Add-on downloaded to: /home/zap/.ZAP/plugin/network-alpha-0.1.0.zap
58538 [ZAP-daemon] INFO  org.parosproxy.paros.CommandLine - Add-on downloaded to: /home/zap/.ZAP/plugin/graphql-alpha-0.8.0.zap
58539 [ZAP-daemon] INFO  org.parosproxy.paros.CommandLine - Add-on downloaded to: /home/zap/.ZAP/plugin/selenium-release-15.7.0.zap
58541 [ZAP-daemon] INFO  org.parosproxy.paros.CommandLine - Add-on downloaded to: /home/zap/.ZAP/plugin/reports-release-0.12.0.zap
58545 [ZAP-daemon] INFO  org.parosproxy.paros.CommandLine - Add-on downloaded to: /home/zap/.ZAP/plugin/pscanrulesBeta-beta-28.zap
58558 [ZAP-daemon] INFO  org.zaproxy.zap.DaemonBootstrap - ZAP is now listening on 0.0.0.0:54306
58982 [ZAP-ProxyThread-4] ERROR org.zaproxy.zap.authentication.ScriptBasedAuthenticationMethodType - Unable to find script while loading Script Based Authentication Method for name: Auth
59191 [ZAP-ProxyThread-4] ERROR org.zaproxy.zap.session.ScriptBasedSessionManagementMethodType - Unable to find script while loading Script Based Session Management Method for name: TokenSession
59565 [ZAP-ProxyThread-4] ERROR org.zaproxy.zap.extension.api.ContextAPI - null
java.lang.NullPointerException: null
	at org.zaproxy.zap.authentication.ScriptBasedAuthenticationMethodType.persistMethodToSession(ScriptBasedAuthenticationMethodType.java:754) ~[zap-2.11.1.jar:2.11.1]
	at org.zaproxy.zap.extension.authentication.ExtensionAuthentication.persistContextData(ExtensionAuthentication.java:407) ~[zap-2.11.1.jar:2.11.1]
	at org.parosproxy.paros.model.Model.saveContext(Model.java:547) ~[zap-2.11.1.jar:2.11.1]
	at org.parosproxy.paros.model.Session.saveContext(Session.java:1306) ~[zap-2.11.1.jar:2.11.1]
	at org.parosproxy.paros.model.Session.importContext(Session.java:1605) ~[zap-2.11.1.jar:2.11.1]
	at org.zaproxy.zap.extension.api.ContextAPI.handleApiAction(ContextAPI.java:279) [zap-2.11.1.jar:2.11.1]
	at org.zaproxy.zap.extension.api.API.handleApiRequest(API.java:513) [zap-2.11.1.jar:2.11.1]
	at org.parosproxy.paros.core.proxy.ProxyThread.processHttp(ProxyThread.java:497) [zap-2.11.1.jar:2.11.1]
	at org.parosproxy.paros.core.proxy.ProxyThread.run(ProxyThread.java:333) [zap-2.11.1.jar:2.11.1]
	at java.lang.Thread.run(Thread.java:829) [?:?]
